#
# A fatal error has been detected by the Java Runtime Environment:
#
#  Internal Error (classFileParser.cpp:3494), pid=11748, tid=11824
#  Error: ShouldNotReachHere()
#
# JRE version: 6.0_30-b12
# Java VM: Java HotSpot(TM) Client VM (20.5-b03 mixed mode windows-x86 )
# If you would like to submit a bug report, please visit:
#   http://java.sun.com/webapps/bugreport/crash.jsp
#

---------------  T H R E A D  ---------------

Current thread (0x0166a400):  JavaThread "Unknown thread" [_thread_in_vm, id=11824, stack(0x00340000,0x00390000)]

Stack: [0x00340000,0x00390000],  sp=0x0038f86c,  free space=318k
Native frames: (J=compiled Java code, j=interpreted, Vv=VM code, C=native code)
V  [jvm.dll+0x1335ca]
V  [jvm.dll+0x12e57b]
V  [jvm.dll+0x1639e]
V  [jvm.dll+0x17bdf]
V  [jvm.dll+0x26cc5]
V  [jvm.dll+0x27506]
V  [jvm.dll+0x278b5]
V  [jvm.dll+0x27949]
V  [jvm.dll+0x27a0c]
V  [jvm.dll+0x27a8a]
V  [jvm.dll+0x27b6d]
V  [jvm.dll+0x27e39]
V  [jvm.dll+0x6c383]
V  [jvm.dll+0x6c75c]
V  [jvm.dll+0xf9b4c]
V  [jvm.dll+0x11848b]
V  [jvm.dll+0x9eb60]
C  [javaw.exe+0x1657]
C  [javaw.exe+0x1e2c]
C  [javaw.exe+0x8614]
C  [kernel32.dll+0x4ef1c]  BaseThreadInitThunk+0x12
C  [ntdll.dll+0x63b53]  RtlInitializeExceptionChain+0xef
C  [ntdll.dll+0x63b26]  RtlInitializeExceptionChain+0xc2


---------------  P R O C E S S  ---------------

Java Threads: ( => current thread )

Other Threads:

=>0x0166a400 (exited) JavaThread "Unknown thread" [_thread_in_vm, id=11824, stack(0x00340000,0x00390000)]

VM state:not at safepoint (not fully initialized)

VM Mutex/Monitor currently owned by a thread: None

Dynamic libraries:
0x00400000 - 0x00425000 	C:\Program Files\Java\jre6\bin\javaw.exe
0x77a90000 - 0x77bd2000 	C:\Windows\SYSTEM32\ntdll.dll
0x76080000 - 0x76155000 	C:\Windows\system32\kernel32.dll
0x75b50000 - 0x75b9b000 	C:\Windows\system32\KERNELBASE.dll
0x76640000 - 0x766e1000 	C:\Windows\system32\ADVAPI32.dll
0x76160000 - 0x7620c000 	C:\Windows\system32\msvcrt.dll
0x77c60000 - 0x77c79000 	C:\Windows\SYSTEM32\sechost.dll
0x76590000 - 0x76632000 	C:\Windows\system32\RPCRT4.dll
0x776d0000 - 0x77799000 	C:\Windows\system32\USER32.dll
0x76030000 - 0x7607e000 	C:\Windows\system32\GDI32.dll
0x75d80000 - 0x75d8a000 	C:\Windows\system32\LPK.dll
0x75e30000 - 0x75ecd000 	C:\Windows\system32\USP10.dll
0x77be0000 - 0x77bff000 	C:\Windows\system32\IMM32.DLL
0x76930000 - 0x769fc000 	C:\Windows\system32\MSCTF.dll
0x7c340000 - 0x7c396000 	C:\Program Files\Java\jre6\bin\msvcr71.dll
0x6d7f0000 - 0x6da9f000 	C:\Program Files\Java\jre6\bin\client\jvm.dll
0x72520000 - 0x72552000 	C:\Windows\system32\WINMM.dll
0x75990000 - 0x759dc000 	C:\Windows\system32\apphelp.dll
0x6d7a0000 - 0x6d7ac000 	C:\Program Files\Java\jre6\bin\verify.dll
0x6d320000 - 0x6d33f000 	C:\Program Files\Java\jre6\bin\java.dll
0x6d7e0000 - 0x6d7ef000 	C:\Program Files\Java\jre6\bin\zip.dll
0x77c00000 - 0x77c05000 	C:\Windows\system32\PSAPI.DLL

VM Arguments:
jvm_args: -Dfile.encoding=UTF-8 -Xbootclasspath:Q:\android-sdk\platforms\android-15\android.jar 
java_command: JsoupTest
Launcher Type: SUN_STANDARD

Environment Variables:
JAVA_HOME=C:\Program Files\Java\jdk1.6.0_30
CLASSPATH=.;C:\Program Files\Java\jdk1.6.0_30\lib;C:\Program Files\Java\jdk1.6.0_30\lib\tools.jar
PATH=C:/Program Files/Java/jdk1.6.0_30/bin/../jre/bin/client;C:/Program Files/Java/jdk1.6.0_30/bin/../jre/bin;C:/Program Files/Java/jdk1.6.0_30/bin/../jre/lib/i386;D:\oraclexe\app\oracle\product\11.2.0\server\bin;;C:\Program Files\Common Files\Microsoft Shared\Windows Live;C:\Program Files\Lenovo Fingerprint Reader\;C:\Program Files\NVIDIA Corporation\PhysX\Common;C:\Program Files\Intel\iCLS Client\;C:\Windows\system32;C:\Windows;C:\Windows\System32\Wbem;C:\Windows\System32\WindowsPowerShell\v1.0\;C:\Program Files\Intel\Intel(R) Management Engine Components\DAL;C:\Program Files\Intel\Intel(R) Management Engine Components\IPT;C:\Program Files\Intel\OpenCL SDK\2.0\bin\x86;C:\Program Files\Intel\WiFi\bin\;C:\Program Files\Common Files\Intel\WirelessCommon\;C:\Program Files\Common Files\Lenovo;C:\Program Files\Common Files\Ulead Systems\MPEG;C:\Program Files\Windows Live\Shared;C:\Program Files\Symantec\VIP Access Client\;C:\SWTOOLS\ReadyApps;C:\Program Files\Lenovo\Access Connections\;C:\Program Files\Java\jdk1.6.0_30\bin;C:\Program Files\Java\jdk1.6.0_30\jre\bin;C:\Program Files\Microsoft SQL Server\80\Tools\Binn\;C:\Program Files\Microsoft SQL Server\90\DTS\Binn\;C:\Program Files\Microsoft SQL Server\90\Tools\binn\;C:\Program Files\Microsoft SQL Server\90\Tools\Binn\VSShell\Common7\IDE\;C:\Program Files\Microsoft Visual Studio 8\Common7\IDE\PrivateAssemblies\;d:\Program Files\Rational\common;d:\Program Files\MATLAB\R2008a\bin;d:\Program Files\MATLAB\R2008a\bin\win32;C:\Program Files\Autodesk\Backburner\;C:\Program Files\Common Files\Autodesk Shared\;D:\program files\skype\Phone\;D:\Android\adt-bundle-windows-x86-20130522;C:\Program Files\Java\jdk1.6.0_30\bin;C:\Program Files\Java\jdk1.6.0_30\jre\bin;;Q:\eclipse3.7_android+4.0.3;
USERNAME=lijuan
OS=Windows_NT
PROCESSOR_IDENTIFIER=x86 Family 6 Model 58 Stepping 9, GenuineIntel



---------------  S Y S T E M  ---------------

OS: Windows 7 Build 7601 Service Pack 1

CPU:total 4 (2 cores per cpu, 2 threads per core) family 6 model 58 stepping 9, cmov, cx8, fxsr, mmx, sse, sse2, sse3, ssse3, sse4.1, sse4.2, popcnt, ht

Memory: 4k page, physical 2418924k(76348k free), swap 5617312k(428860k free)

vm_info: Java HotSpot(TM) Client VM (20.5-b03) for windows-x86 JRE (1.6.0_30-b12), built on Nov 10 2011 01:51:00 by "java_re" with MS VC++ 7.1 (VS2003)

time: Mon Feb 22 14:03:28 2016
elapsed time: 0 seconds

